# JRE version: Java(TM) SE Runtime Environment (17.0.12+8) (build 17.0.12+8-LTS-286)
# Java VM: Java HotSpot(TM) 64-Bit Server VM (17.0.12+8-LTS-286, mixed mode, emulated-client, sharing, tiered, compressed oops, compressed class ptrs, g1 gc, windows-amd64)
GC Precious Log:
 CPUs: 16 total, 16 available
 Memory: 16131M
 Large Page Support: Disabled
 NUMA Support: Disabled
 Compressed Oops: Enabled (Zero based)
 Heap Region Size: 2M
 Heap Min Capacity: 8M
 Heap Initial Capacity: 254M
 Heap Max Capacity: 4034M
 Pre-touch: Disabled
 Parallel Workers: 13
 Concurrent Workers: 3
 Concurrent Refinement Workers: 13
 Periodic GC: Disabled
Heap:
 garbage-first heap   total 368640K, used 292648K [0x0000000703e00000, 0x0000000800000000)
  region size 2048K, 94 young (192512K), 9 survivors (18432K)
 Metaspace       used 100690K, committed 101568K, reserved 1179648K
  class space    used 13924K, committed 14336K, reserved 1048576K
GC Heap History (20 events):
Event: 13.246 GC heap before
{Heap before GC invocations=23 (full 0):
 garbage-first heap   total 256000K, used 209476K [0x0000000703e00000, 0x0000000800000000)
  region size 2048K, 63 young (129024K), 4 survivors (8192K)
 Metaspace       used 80083K, committed 80704K, reserved 1179648K
  class space    used 11469K, committed 11776K, reserved 1048576K
}
Event: 13.251 GC heap after
{Heap after GC invocations=24 (full 0):
 garbage-first heap   total 256000K, used 90347K [0x0000000703e00000, 0x0000000800000000)
  region size 2048K, 5 young (10240K), 5 survivors (10240K)
 Metaspace       used 80083K, committed 80704K, reserved 1179648K
  class space    used 11469K, committed 11776K, reserved 1048576K
}
Event: 13.498 GC heap before
{Heap before GC invocations=24 (full 0):
 garbage-first heap   total 256000K, used 211179K [0x0000000703e00000, 0x0000000800000000)
  region size 2048K, 64 young (131072K), 5 survivors (10240K)
 Metaspace       used 80245K, committed 80832K, reserved 1179648K
  class space    used 11485K, committed 11776K, reserved 1048576K
}
Event: 13.504 GC heap after
{Heap after GC invocations=25 (full 0):
 garbage-first heap   total 256000K, used 92068K [0x0000000703e00000, 0x0000000800000000)
  region size 2048K, 6 young (12288K), 6 survivors (12288K)
 Metaspace       used 80245K, committed 80832K, reserved 1179648K
  class space    used 11485K, committed 11776K, reserved 1048576K
}
Event: 13.909 GC heap before
{Heap before GC invocations=25 (full 0):
 garbage-first heap   total 256000K, used 212900K [0x0000000703e00000, 0x0000000800000000)
  region size 2048K, 65 young (133120K), 6 survivors (12288K)
 Metaspace       used 83377K, committed 83968K, reserved 1179648K
  class space    used 11823K, committed 12096K, reserved 1048576K
}
Event: 13.916 GC heap after
{Heap after GC invocations=26 (full 0):
 garbage-first heap   total 307200K, used 95305K [0x0000000703e00000, 0x0000000800000000)
  region size 2048K, 5 young (10240K), 5 survivors (10240K)
 Metaspace       used 83377K, committed 83968K, reserved 1179648K
  class space    used 11823K, committed 12096K, reserved 1048576K
}
Event: 14.282 GC heap before
{Heap before GC invocations=26 (full 0):
 garbage-first heap   total 307200K, used 255049K [0x0000000703e00000, 0x0000000800000000)
  region size 2048K, 83 young (169984K), 5 survivors (10240K)
 Metaspace       used 83733K, committed 84416K, reserved 1179648K
  class space    used 11846K, committed 12160K, reserved 1048576K
}
Event: 14.287 GC heap after
{Heap after GC invocations=27 (full 0):
 garbage-first heap   total 307200K, used 97331K [0x0000000703e00000, 0x0000000800000000)
  region size 2048K, 6 young (12288K), 6 survivors (12288K)
 Metaspace       used 83733K, committed 84416K, reserved 1179648K
  class space    used 11846K, committed 12160K, reserved 1048576K
}
Event: 14.639 GC heap before
{Heap before GC invocations=27 (full 0):
 garbage-first heap   total 307200K, used 259123K [0x0000000703e00000, 0x0000000800000000)
  region size 2048K, 85 young (174080K), 6 survivors (12288K)
 Metaspace       used 84280K, committed 84864K, reserved 1179648K
  class space    used 11879K, committed 12160K, reserved 1048576K
}
Event: 14.644 GC heap after
{Heap after GC invocations=28 (full 0):
 garbage-first heap   total 307200K, used 99635K [0x0000000703e00000, 0x0000000800000000)
  region size 2048K, 7 young (14336K), 7 survivors (14336K)
 Metaspace       used 84280K, committed 84864K, reserved 1179648K
  class space    used 11879K, committed 12160K, reserved 1048576K
}
Event: 15.044 GC heap before
{Heap before GC invocations=28 (full 0):
 garbage-first heap   total 307200K, used 259379K [0x0000000703e00000, 0x0000000800000000)
  region size 2048K, 85 young (174080K), 7 survivors (14336K)
 Metaspace       used 84717K, committed 85376K, reserved 1179648K
  class space    used 11913K, committed 12224K, reserved 1048576K
}
Event: 15.052 GC heap after
{Heap after GC invocations=29 (full 0):
 garbage-first heap   total 307200K, used 104397K [0x0000000703e00000, 0x0000000800000000)
  region size 2048K, 8 young (16384K), 8 survivors (16384K)
 Metaspace       used 84717K, committed 85376K, reserved 1179648K
  class space    used 11913K, committed 12224K, reserved 1048576K
}
Event: 15.325 GC heap before
{Heap before GC invocations=29 (full 0):
 garbage-first heap   total 307200K, used 257997K [0x0000000703e00000, 0x0000000800000000)
  region size 2048K, 83 young (169984K), 8 survivors (16384K)
 Metaspace       used 84941K, committed 85568K, reserved 1179648K
  class space    used 11930K, committed 12224K, reserved 1048576K
}
Event: 15.331 GC heap after
{Heap after GC invocations=30 (full 0):
 garbage-first heap   total 368640K, used 106016K [0x0000000703e00000, 0x0000000800000000)
  region size 2048K, 6 young (12288K), 6 survivors (12288K)
 Metaspace       used 84941K, committed 85568K, reserved 1179648K
  class space    used 11930K, committed 12224K, reserved 1048576K
}
Event: 15.816 GC heap before
{Heap before GC invocations=30 (full 0):
 garbage-first heap   total 368640K, used 310816K [0x0000000703e00000, 0x0000000800000000)
  region size 2048K, 106 young (217088K), 6 survivors (12288K)
 Metaspace       used 86006K, committed 86592K, reserved 1179648K
  class space    used 12068K, committed 12352K, reserved 1048576K
}
Event: 15.822 GC heap after
{Heap after GC invocations=31 (full 0):
 garbage-first heap   total 368640K, used 108934K [0x0000000703e00000, 0x0000000800000000)
  region size 2048K, 8 young (16384K), 8 survivors (16384K)
 Metaspace       used 86006K, committed 86592K, reserved 1179648K
  class space    used 12068K, committed 12352K, reserved 1048576K
}
Event: 16.535 GC heap before
{Heap before GC invocations=31 (full 0):
 garbage-first heap   total 368640K, used 311686K [0x0000000703e00000, 0x0000000800000000)
  region size 2048K, 107 young (219136K), 8 survivors (16384K)
 Metaspace       used 87676K, committed 88320K, reserved 1179648K
  class space    used 12173K, committed 12480K, reserved 1048576K
}
Event: 16.544 GC heap after
{Heap after GC invocations=32 (full 0):
 garbage-first heap   total 368640K, used 114800K [0x0000000703e00000, 0x0000000800000000)
  region size 2048K, 10 young (20480K), 10 survivors (20480K)
 Metaspace       used 87676K, committed 88320K, reserved 1179648K
  class space    used 12173K, committed 12480K, reserved 1048576K
}
Event: 17.436 GC heap before
{Heap before GC invocations=32 (full 0):
 garbage-first heap   total 368640K, used 309360K [0x0000000703e00000, 0x0000000800000000)
  region size 2048K, 105 young (215040K), 10 survivors (20480K)
 Metaspace       used 91018K, committed 91712K, reserved 1179648K
  class space    used 12506K, committed 12800K, reserved 1048576K
}
Event: 17.447 GC heap after
{Heap after GC invocations=33 (full 0):
 garbage-first heap   total 368640K, used 120616K [0x0000000703e00000, 0x0000000800000000)
  region size 2048K, 9 young (18432K), 9 survivors (18432K)
 Metaspace       used 91018K, committed 91712K, reserved 1179648K
  class space    used 12506K, committed 12800K, reserved 1048576K
}

